
=== Thu May 21 15:35:32 2020

Packages were changed.
Update Mode: mergeDefaultDependencies

The following packages were added:
  com.unity.collab-proxy@1.2.16
  com.unity.ide.rider@1.1.4
  com.unity.ide.vscode@1.1.4
  com.unity.modules.ai@1.0.0
  com.unity.modules.androidjni@1.0.0
  com.unity.modules.animation@1.0.0
  com.unity.modules.assetbundle@1.0.0
  com.unity.modules.audio@1.0.0
  com.unity.modules.cloth@1.0.0
  com.unity.modules.director@1.0.0
  com.unity.modules.imageconversion@1.0.0
  com.unity.modules.imgui@1.0.0
  com.unity.modules.jsonserialize@1.0.0
  com.unity.modules.particlesystem@1.0.0
  com.unity.modules.physics@1.0.0
  com.unity.modules.physics2d@1.0.0
  com.unity.modules.screencapture@1.0.0
  com.unity.modules.terrain@1.0.0
  com.unity.modules.terrainphysics@1.0.0
  com.unity.modules.tilemap@1.0.0
  com.unity.modules.ui@1.0.0
  com.unity.modules.uielements@1.0.0
  com.unity.modules.umbra@1.0.0
  com.unity.modules.unityanalytics@1.0.0
  com.unity.modules.unitywebrequest@1.0.0
  com.unity.modules.unitywebrequestassetbundle@1.0.0
  com.unity.modules.unitywebrequestaudio@1.0.0
  com.unity.modules.unitywebrequesttexture@1.0.0
  com.unity.modules.unitywebrequestwww@1.0.0
  com.unity.modules.vehicles@1.0.0
  com.unity.modules.video@1.0.0
  com.unity.modules.vr@1.0.0
  com.unity.modules.wind@1.0.0
  com.unity.modules.xr@1.0.0
  com.unity.test-framework@1.1.13
  com.unity.textmeshpro@2.0.1
  com.unity.timeline@1.2.14
  com.unity.ugui@1.0.0

=== Thu May 21 16:10:45 2020

Packages were changed.
Update Mode: mergeDefaultDependencies

The following packages were added:
  com.unity.cinemachine@2.3.4
  com.unity.ext.nunit@1.0.0
  com.unity.package-manager-ui@2.2.0
  com.unity.postprocessing@2.1.7
  com.unity.recorder@2.0.3-preview.1

=== Fri May 22 11:38:38 2020

Packages were changed.
Update Mode: updateDependencies

The following packages were updated:
  com.unity.ide.vscode from version 1.1.4 to 1.2.0
  com.unity.postprocessing from version 2.1.7 to 2.2.2
The following packages were removed:
  com.unity.package-manager-ui@2.2.0

=== Sat Oct 15 14:46:28 2022

Packages were changed.
Update Mode: updateDependencies

The following packages were added:
  com.unity.ide.visualstudio@2.0.15
The following packages were updated:
  com.unity.cinemachine from version 2.3.4 to 2.8.4
  com.unity.collab-proxy from version 1.2.16 to 1.15.17
  com.unity.ext.nunit from version 1.0.0 to 1.0.6
  com.unity.ide.rider from version 1.1.4 to 3.0.14
  com.unity.ide.vscode from version 1.2.0 to 1.2.5
  com.unity.postprocessing from version 2.2.2 to 3.2.2
  com.unity.recorder from version 2.0.3-preview.1 to 3.0.3
  com.unity.render-pipelines.universal from version 7.3.1 to 13.1.8
  com.unity.test-framework from version 1.1.13 to 1.1.31
  com.unity.textmeshpro from version 2.0.1 to 3.0.6
  com.unity.timeline from version 1.2.14 to 1.7.1
